<?xml version="1.0" encoding="UTF-8"?>
<!-- Generated by org.testng.reporters.JUnitReportReporter -->
<testsuite hostname="DESKTOP-648SE97" failures="0" tests="5" name="orangeHrm.OrangeHRM" time="18.261" errors="0" timestamp="2025-06-28T22:11:26 NPT" skipped="0">
  <testcase classname="orangeHrm.OrangeHRM" name="InvalidloginTest" time="2.559"/>
  <testcase classname="orangeHrm.OrangeHRM" name="loginTest" time="2.118"/>
  <testcase classname="orangeHrm.OrangeHRM" name="addEmployee" time="8.171"/>
  <testcase classname="orangeHrm.OrangeHRM" name="searchEmployeeByName" time="3.845"/>
  <testcase classname="orangeHrm.OrangeHRM" name="logout" time="1.568"/>
</testsuite> <!-- orangeHrm.OrangeHRM -->
